my_vendoorr/build/app/outputs/mapping/release/seeds.txt
androidx.window.embedding.EmbeddingCompat$Companion
androidx.lifecycle.FullLifecycleObserverAdapter
androidx.window.layout.ExtensionWindowLayoutInfoBackend
androidx.versionedparcelable.CustomVersionedParcelable
androidx.window.R$id
androidx.window.layout.SidecarWindowBackend$Companion
androidx.activity.OnBackPressedDispatcher$LifecycleOnBackPressedCancellable
androidx.window.embedding.EmbeddingCompat
io.flutter.view.AccessibilityViewEmbedder
androidx.window.embedding.ActivityRule
io.flutter.plugins.GeneratedPluginRegistrant
androidx.window.layout.HardwareFoldingFeature$Companion
io.flutter.view.FlutterCallbackInformation
androidx.window.layout.ExtensionsWindowLayoutInfoAdapter
androidx.window.layout.DisplayCompatHelperApi28
androidx.window.layout.ActivityCompatHelperApi30
androidx.window.layout.ExtensionInterfaceCompat$ExtensionCallbackInterface
androidx.window.R
androidx.window.embedding.ExtensionEmbeddingBackend$EmbeddingCallbackImpl
io.flutter.plugin.editing.ImeSyncDeferringInsetsCallback
com.example.my_vendoorr.MainActivity
androidx.window.embedding.ActivityStack
androidx.core.app.RemoteActionCompatParcelizer
androidx.window.layout.EmptyDecorator
androidx.window.layout.WindowMetricsCalculator$Companion$overrideDecorator$1
androidx.window.layout.WindowInfoTrackerImpl$Companion
androidx.core.graphics.drawable.IconCompat
androidx.window.embedding.SplitRuleParser
androidx.window.embedding.SplitRule
androidx.window.layout.FoldingFeature$State
io.flutter.embedding.engine.plugins.lifecycle.HiddenLifecycleReference
androidx.activity.ComponentActivity$2
androidx.window.layout.FoldingFeature
androidx.window.embedding.EmbeddingTranslatingCallback
io.flutter.embedding.engine.FlutterJNI
androidx.window.embedding.SplitPairFilter
androidx.window.layout.SidecarCompat$registerConfigurationChangeListener$configChangeObserver$1
androidx.window.layout.WindowInfoTracker$Companion
androidx.core.app.RemoteActionCompat
androidx.lifecycle.CompositeGeneratedAdaptersObserver
androidx.window.layout.WindowMetricsCalculator
androidx.core.app.CoreComponentFactory
androidx.savedstate.SavedStateRegistry$1
androidx.window.R$styleable
androidx.window.embedding.EmbeddingRule
androidx.window.layout.DisplayFeature
androidx.window.layout.DisplayCompatHelperApi17
androidx.window.layout.FoldingFeature$State$Companion
androidx.window.embedding.ActivityFilter
androidx.window.layout.HardwareFoldingFeature
io.flutter.plugin.editing.ImeSyncDeferringInsetsCallback$AnimationCallback
androidx.window.layout.SidecarAdapter$Companion
androidx.window.layout.WindowLayoutInfo
androidx.window.layout.FoldingFeature$Orientation$Companion
androidx.window.layout.WindowInfoTrackerImpl$windowLayoutInfo$1
androidx.annotation.Keep
androidx.window.java.layout.WindowInfoTrackerCallbackAdapter
androidx.lifecycle.ReflectiveGenericLifecycleObserver
androidx.window.core.Bounds
androidx.window.layout.ExtensionWindowLayoutInfoBackend$MulticastConsumer
androidx.window.core.Version$bigInteger$2
androidx.window.layout.FoldingFeature$Orientation
androidx.window.embedding.SplitController
androidx.window.layout.ExtensionInterfaceCompat
androidx.window.layout.WindowMetricsCalculatorCompat
androidx.window.java.R
androidx.window.embedding.SplitRule$LayoutDir
androidx.window.layout.SidecarCompat
androidx.window.layout.WindowMetricsCalculator$Companion$decorator$1
androidx.window.layout.SidecarWindowBackend$ExtensionListenerImpl
kotlin.coroutines.jvm.internal.SuspendLambda: int arity
io.flutter.embedding.engine.mutatorsstack.FlutterMutatorsStack: android.graphics.Matrix finalMatrix
androidx.window.core.Version: androidx.window.core.Version$Companion Companion
androidx.window.R$styleable: int[] SplitPairRule
androidx.window.embedding.ExtensionEmbeddingBackend: java.util.concurrent.locks.ReentrantLock globalLock
androidx.window.embedding.SplitRule: float splitRatio
androidx.window.R$styleable: int[] SplitPlaceholderRule